[33mStart Sync /mnt/sdc1/benpan to SR650-1 /HD6501/Old_home[0m
[33mSync /mnt/sdc1/benpan to SR650-1 /HD6501/Old_home Finished[0m
Sync /mnt/sdc1/temp/david/19991231-david.list to /HD6501/Old_home/temp Finished
Sync /mnt/sdc1/temp/david/19991231-david-synopsys.list to /HD6501/Old_home/temp Finished
Sync /mnt/sdc1/temp/david/19991231-david-synopsys.tar.gz.crypt to /HD6501/Old_home/temp Finished
Sync /mnt/sdc1/temp/david/19991231-david.tar.gz.crypt to /HD6501/Old_home/temp Finished
Sync /mnt/sdc1/temp/david/20000503-david-tapeout-1.list to /HD6501/Old_home/temp Finished
Sync /mnt/sdc1/temp/david/20000503-david-tapeout-1.tar.gz.crypt to /HD6501/Old_home/temp Finished
Sync /mnt/sdc1/temp/david/20000921-david.list to /HD6501/Old_home/temp Finished
Sync /mnt/sdc1/temp/david/20000921-david.tar.gz.crypt to /HD6501/Old_home/temp Finished
Sync /mnt/sdc1/temp/david/20001031-david.list to /HD6501/Old_home/temp Finished
Sync /mnt/sdc1/temp/david/20001031-david.tar.gz.crypt to /HD6501/Old_home/temp Finished
Sync /mnt/sdc1/temp/david/20010207-david-05um.tapeout.list to /HD6501/Old_home/temp Finished
Sync /mnt/sdc1/temp/david/20010207-david-05um.tapeout.tar.gz.crypt to /HD6501/Old_home/temp Finished
Sync /mnt/sdc1/temp/david/20010531-david486.gz to /HD6501/Old_home/temp Finished
Sync /mnt/sdc1/temp/david/20010531-david486.gz.list to /HD6501/Old_home/temp Finished
Sync /mnt/sdc1/temp/david/20010531-david-scanchain.list to /HD6501/Old_home/temp Finished
Sync /mnt/sdc1/temp/david/20010531-david-scanchain.tar.gz.crypt to /HD6501/Old_home/temp Finished
Sync /mnt/sdc1/temp/david/20010531-david-u18.list to /HD6501/Old_home/temp Finished
Sync /mnt/sdc1/temp/david/20010531-david-u18.tar.gz.crypt to /HD6501/Old_home/temp Finished
Sync /mnt/sdc1/temp/david/20010601-david018.gz to /HD6501/Old_home/temp Finished
Sync /mnt/sdc1/temp/david/20010601-david018.gz.list to /HD6501/Old_home/temp Finished
Sync /mnt/sdc1/temp/david/20020312-david-r486-035025018.list to /HD6501/Old_home/temp Finished
Sync /mnt/sdc1/temp/david/20020312-david-r486-035025018.tar.gz.crypt to /HD6501/Old_home/temp Finished
Sync /mnt/sdc1/temp/david/20020312-david-r8870-ftc018.list to /HD6501/Old_home/temp Finished
Sync /mnt/sdc1/temp/david/20020312-david-r8870-ftc018.tar.gz.crypt to /HD6501/Old_home/temp Finished
Sync /mnt/sdc1/temp/david/20030320-david-DSP-FTC018.list to /HD6501/Old_home/temp Finished
Sync /mnt/sdc1/temp/david/20030320-david-DSP-FTC018.tar.gz.crypt to /HD6501/Old_home/temp Finished
Sync /mnt/sdc1/temp/david/20030320-david-DSP-TSMC018.list to /HD6501/Old_home/temp Finished
Sync /mnt/sdc1/temp/david/20030320-david-DSP-TSMC018.tar.gz.crypt to /HD6501/Old_home/temp Finished
Sync /mnt/sdc1/temp/david/20030421-david-PKS2_adb.list to /HD6501/Old_home/temp Finished
Sync /mnt/sdc1/temp/david/20030421-david-PKS2_adb.tar.gz.crypt to /HD6501/Old_home/temp Finished
Sync /mnt/sdc1/temp/david/20030421-david-PKS_adb.list to /HD6501/Old_home/temp Finished
Sync /mnt/sdc1/temp/david/20030421-david-PKS_adb.tar.gz.crypt to /HD6501/Old_home/temp Finished
Sync /mnt/sdc1/temp/david/20030421-david-PKS_SPC.list to /HD6501/Old_home/temp Finished
Sync /mnt/sdc1/temp/david/20030421-david-PKS_SPC.tar.gz.crypt to /HD6501/Old_home/temp Finished
Sync /mnt/sdc1/temp/david/20030421-david-r486.list to /HD6501/Old_home/temp Finished
Sync /mnt/sdc1/temp/david/20030421-david-r486.tar.gz.crypt to /HD6501/Old_home/temp Finished
Sync /mnt/sdc1/temp/david/20030421-david-SPC.list to /HD6501/Old_home/temp Finished
Sync /mnt/sdc1/temp/david/20030421-david-SPC.tar.gz.crypt to /HD6501/Old_home/temp Finished
Sync /mnt/sdc1/temp/david/20090506-david-R3301_3.list to /HD6501/Old_home/temp Finished
Sync /mnt/sdc1/temp/david/20090506-david-R3301_3.tar.bz2 to /HD6501/Old_home/temp Finished
Sync /mnt/sdc1/temp/david/20090506-david-R3301_3.tar.bz2.crypt to /HD6501/Old_home/temp Finished
Sync /mnt/sdc1/temp/david/20090902-david-F90-1.list to /HD6501/Old_home/temp Finished
Sync /mnt/sdc1/temp/david/20090902-david-F90-1.tar.bz2.crypt to /HD6501/Old_home/temp Finished
Sync /mnt/sdc1/temp/david/20090902-david-F90-2.list to /HD6501/Old_home/temp Finished
Sync /mnt/sdc1/temp/david/20090902-david-F90-2.tar.bz2.crypt to /HD6501/Old_home/temp Finished
Sync /mnt/sdc1/temp/david/20090902-david-F90-3.list to /HD6501/Old_home/temp Finished
Sync /mnt/sdc1/temp/david/20090902-david-F90-3.tar.bz2.crypt to /HD6501/Old_home/temp Finished
Sync /mnt/sdc1/temp/david/20090902-david-F90-4.list to /HD6501/Old_home/temp Finished
Sync /mnt/sdc1/temp/david/20090902-david-F90-4.tar.bz2.crypt to /HD6501/Old_home/temp Finished
Sync /mnt/sdc1/temp/david/20090902-david-F90-5.list to /HD6501/Old_home/temp Finished
Sync /mnt/sdc1/temp/david/20090902-david-F90-5.tar.bz2.crypt to /HD6501/Old_home/temp Finished
Sync /mnt/sdc1/temp/david/20090902-david-UMCL90G-1.list to /HD6501/Old_home/temp Finished
Sync /mnt/sdc1/temp/david/20090902-david-UMCL90G-1.tar.bz2.crypt to /HD6501/Old_home/temp Finished
Sync /mnt/sdc1/temp/david/20090902-david-UMCL90G-2.list to /HD6501/Old_home/temp Finished
Sync /mnt/sdc1/temp/david/20090902-david-UMCL90G-2.tar.bz2.crypt to /HD6501/Old_home/temp Finished
Sync /mnt/sdc1/temp/david/20090902-david-UMCL90G-3.list to /HD6501/Old_home/temp Finished
Sync /mnt/sdc1/temp/david/20090902-david-UMCL90G-3.tar.bz2.crypt to /HD6501/Old_home/temp Finished
Sync /mnt/sdc1/temp/david/20090902-david-UMCL90G-4.list to /HD6501/Old_home/temp Finished
Sync /mnt/sdc1/temp/david/20090902-david-UMCL90G-4.tar.bz2.crypt to /HD6501/Old_home/temp Finished
Sync /mnt/sdc1/temp/david/20090902-david-UMCL90G-5.list to /HD6501/Old_home/temp Finished
Sync /mnt/sdc1/temp/david/20090902-david-UMCL90G-5.tar.bz2.crypt to /HD6501/Old_home/temp Finished
Sync /mnt/sdc1/temp/david/20090902-david-UMCL90G-6.list to /HD6501/Old_home/temp Finished
Sync /mnt/sdc1/temp/david/20090902-david-UMCL90G-6.tar.bz2.crypt to /HD6501/Old_home/temp Finished
Sync /mnt/sdc1/temp/david/R3301 to /HD6501/Old_home/temp Finished
Sync /mnt/sdc1/temp/david/R3303 to /HD6501/Old_home/temp Finished
Sync /mnt/sdc1/temp/david/R3303 to /HD6501/Old_home && chown -R A9812-07:rdc-srd /HD6501/Old_home/temp Finished
Sync /mnt/sdc1/temp/david/19991231-david.list to /HD6501/Old_home/temp Finished
Sync /mnt/sdc1/temp/david/19991231-david-synopsys.list to /HD6501/Old_home/temp Finished
Sync /mnt/sdc1/temp/david/19991231-david-synopsys.tar.gz.crypt to /HD6501/Old_home/temp Finished
Sync /mnt/sdc1/temp/david/19991231-david.tar.gz.crypt to /HD6501/Old_home/temp Finished
Sync /mnt/sdc1/temp/david/20000503-david-tapeout-1.list to /HD6501/Old_home/temp Finished
Sync /mnt/sdc1/temp/david/20000503-david-tapeout-1.tar.gz.crypt to /HD6501/Old_home/temp Finished
Sync /mnt/sdc1/temp/david/20000921-david.list to /HD6501/Old_home/temp Finished
Sync /mnt/sdc1/temp/david/20000921-david.tar.gz.crypt to /HD6501/Old_home/temp Finished
Sync /mnt/sdc1/temp/david/20001031-david.list to /HD6501/Old_home/temp Finished
Sync /mnt/sdc1/temp/david/20001031-david.tar.gz.crypt to /HD6501/Old_home/temp Finished
Sync /mnt/sdc1/temp/david/20010207-david-05um.tapeout.list to /HD6501/Old_home/temp Finished
Sync /mnt/sdc1/temp/david/20010207-david-05um.tapeout.tar.gz.crypt to /HD6501/Old_home/temp Finished
Sync /mnt/sdc1/temp/david/20010531-david486.gz to /HD6501/Old_home/temp Finished
Sync /mnt/sdc1/temp/david/20010531-david486.gz.list to /HD6501/Old_home/temp Finished
Sync /mnt/sdc1/temp/david/20010531-david-scanchain.list to /HD6501/Old_home/temp Finished
Sync /mnt/sdc1/temp/david/20010531-david-scanchain.tar.gz.crypt to /HD6501/Old_home/temp Finished
Sync /mnt/sdc1/temp/david/20010531-david-u18.list to /HD6501/Old_home/temp Finished
Sync /mnt/sdc1/temp/david/20010531-david-u18.tar.gz.crypt to /HD6501/Old_home/temp Finished
Sync /mnt/sdc1/temp/david/20010601-david018.gz to /HD6501/Old_home/temp Finished
Sync /mnt/sdc1/temp/david/20010601-david018.gz.list to /HD6501/Old_home/temp Finished
Sync /mnt/sdc1/temp/david/20020312-david-r486-035025018.list to /HD6501/Old_home/temp Finished
Sync /mnt/sdc1/temp/david/20020312-david-r486-035025018.tar.gz.crypt to /HD6501/Old_home/temp Finished
Sync /mnt/sdc1/temp/david/20020312-david-r8870-ftc018.list to /HD6501/Old_home/temp Finished
Sync /mnt/sdc1/temp/david/20020312-david-r8870-ftc018.tar.gz.crypt to /HD6501/Old_home/temp Finished
Sync /mnt/sdc1/temp/david/20030320-david-DSP-FTC018.list to /HD6501/Old_home/temp Finished
Sync /mnt/sdc1/temp/david/20030320-david-DSP-FTC018.tar.gz.crypt to /HD6501/Old_home/temp Finished
Sync /mnt/sdc1/temp/david/20030320-david-DSP-TSMC018.list to /HD6501/Old_home/temp Finished
Sync /mnt/sdc1/temp/david/20030320-david-DSP-TSMC018.tar.gz.crypt to /HD6501/Old_home/temp Finished
Sync /mnt/sdc1/temp/david/20030421-david-PKS2_adb.list to /HD6501/Old_home/temp Finished
Sync /mnt/sdc1/temp/david/20030421-david-PKS2_adb.tar.gz.crypt to /HD6501/Old_home/temp Finished
Sync /mnt/sdc1/temp/david/20030421-david-PKS_adb.list to /HD6501/Old_home/temp Finished
Sync /mnt/sdc1/temp/david/20030421-david-PKS_adb.tar.gz.crypt to /HD6501/Old_home/temp Finished
Sync /mnt/sdc1/temp/david/20030421-david-PKS_SPC.list to /HD6501/Old_home/temp Finished
Sync /mnt/sdc1/temp/david/20030421-david-PKS_SPC.tar.gz.crypt to /HD6501/Old_home/temp Finished
Sync /mnt/sdc1/temp/david/20030421-david-r486.list to /HD6501/Old_home/temp Finished
Sync /mnt/sdc1/temp/david/20030421-david-r486.tar.gz.crypt to /HD6501/Old_home/temp Finished
Sync /mnt/sdc1/temp/david/20030421-david-SPC.list to /HD6501/Old_home/temp Finished
Sync /mnt/sdc1/temp/david/20030421-david-SPC.tar.gz.crypt to /HD6501/Old_home/temp Finished
Sync /mnt/sdc1/temp/david/20090506-david-R3301_3.list to /HD6501/Old_home/temp Finished
Sync /mnt/sdc1/temp/david/20090506-david-R3301_3.tar.bz2 to /HD6501/Old_home/temp Finished
Sync /mnt/sdc1/temp/david/20090506-david-R3301_3.tar.bz2.crypt to /HD6501/Old_home/temp Finished
Sync /mnt/sdc1/temp/david/20090902-david-F90-1.list to /HD6501/Old_home/temp Finished
Sync /mnt/sdc1/temp/david/20090902-david-F90-1.tar.bz2.crypt to /HD6501/Old_home/temp Finished
Sync /mnt/sdc1/temp/david/20090902-david-F90-2.list to /HD6501/Old_home/temp Finished
Sync /mnt/sdc1/temp/david/20090902-david-F90-2.tar.bz2.crypt to /HD6501/Old_home/temp Finished
Sync /mnt/sdc1/temp/david/20090902-david-F90-3.list to /HD6501/Old_home/temp Finished
Sync /mnt/sdc1/temp/david/20090902-david-F90-3.tar.bz2.crypt to /HD6501/Old_home/temp Finished
Sync /mnt/sdc1/temp/david/20090902-david-F90-4.list to /HD6501/Old_home/temp Finished
Sync /mnt/sdc1/temp/david/20090902-david-F90-4.tar.bz2.crypt to /HD6501/Old_home/temp Finished
Sync /mnt/sdc1/temp/david/20090902-david-F90-5.list to /HD6501/Old_home/temp Finished
Sync /mnt/sdc1/temp/david/20090902-david-F90-5.tar.bz2.crypt to /HD6501/Old_home/temp Finished
Sync /mnt/sdc1/temp/david/20090902-david-UMCL90G-1.list to /HD6501/Old_home/temp Finished
Sync /mnt/sdc1/temp/david/20090902-david-UMCL90G-1.tar.bz2.crypt to /HD6501/Old_home/temp Finished
Sync /mnt/sdc1/temp/david/20090902-david-UMCL90G-2.list to /HD6501/Old_home/temp Finished
Sync /mnt/sdc1/temp/david/20090902-david-UMCL90G-2.tar.bz2.crypt to /HD6501/Old_home/temp Finished
Sync /mnt/sdc1/temp/david/20090902-david-UMCL90G-3.list to /HD6501/Old_home/temp Finished
Sync /mnt/sdc1/temp/david/20090902-david-UMCL90G-3.tar.bz2.crypt to /HD6501/Old_home/temp Finished
Sync /mnt/sdc1/temp/david/20090902-david-UMCL90G-4.list to /HD6501/Old_home/temp Finished
Sync /mnt/sdc1/temp/david/20090902-david-UMCL90G-4.tar.bz2.crypt to /HD6501/Old_home/temp Finished
Sync /mnt/sdc1/temp/david/20090902-david-UMCL90G-5.list to /HD6501/Old_home/temp Finished
Sync /mnt/sdc1/temp/david/20090902-david-UMCL90G-5.tar.bz2.crypt to /HD6501/Old_home/temp Finished
Sync /mnt/sdc1/temp/david/20090902-david-UMCL90G-6.list to /HD6501/Old_home/temp Finished
Sync /mnt/sdc1/temp/david/20090902-david-UMCL90G-6.tar.bz2.crypt to /HD6501/Old_home/temp Finished
Sync /mnt/sdc1/temp/david/R3301 to /HD6501/Old_home/temp Finished
Sync /mnt/sdc1/temp/david/R3303 to /HD6501/Old_home/temp Finished
Sync /mnt/sdc1/temp/david/R3303 to /HD6501/Old_home && chown -R A9812-07:rdc-srd /HD6501/Old_home/temp Finished
Sync /mnt/sdc1/temp/david/19991231-david.list to /HD6501/Old_home/temp Finished
Sync /mnt/sdc1/temp/david/19991231-david-synopsys.list to /HD6501/Old_home/temp Finished
Sync /mnt/sdc1/temp/david/19991231-david-synopsys.tar.gz.crypt to /HD6501/Old_home/temp Finished
Sync /mnt/sdc1/temp/david/19991231-david.tar.gz.crypt to /HD6501/Old_home/temp Finished
Sync /mnt/sdc1/temp/david/20000503-david-tapeout-1.list to /HD6501/Old_home/temp Finished
Sync /mnt/sdc1/temp/david/20000503-david-tapeout-1.tar.gz.crypt to /HD6501/Old_home/temp Finished
Sync /mnt/sdc1/temp/david/20000921-david.list to /HD6501/Old_home/temp Finished
Sync /mnt/sdc1/temp/david/20000921-david.tar.gz.crypt to /HD6501/Old_home/temp Finished
Sync /mnt/sdc1/temp/david/20001031-david.list to /HD6501/Old_home/temp Finished
Sync /mnt/sdc1/temp/david/20001031-david.tar.gz.crypt to /HD6501/Old_home/temp Finished
Sync /mnt/sdc1/temp/david/20010207-david-05um.tapeout.list to /HD6501/Old_home/temp Finished
Sync /mnt/sdc1/temp/david/20010207-david-05um.tapeout.tar.gz.crypt to /HD6501/Old_home/temp Finished
Sync /mnt/sdc1/temp/david/20010531-david486.gz to /HD6501/Old_home/temp Finished
Sync /mnt/sdc1/temp/david/20010531-david486.gz.list to /HD6501/Old_home/temp Finished
Sync /mnt/sdc1/temp/david/20010531-david-scanchain.list to /HD6501/Old_home/temp Finished
Sync /mnt/sdc1/temp/david/20010531-david-scanchain.tar.gz.crypt to /HD6501/Old_home/temp Finished
Sync /mnt/sdc1/temp/david/20010531-david-u18.list to /HD6501/Old_home/temp Finished
Sync /mnt/sdc1/temp/david/20010531-david-u18.tar.gz.crypt to /HD6501/Old_home/temp Finished
Sync /mnt/sdc1/temp/david/20010601-david018.gz to /HD6501/Old_home/temp Finished
Sync /mnt/sdc1/temp/david/20010601-david018.gz.list to /HD6501/Old_home/temp Finished
Sync /mnt/sdc1/temp/david/20020312-david-r486-035025018.list to /HD6501/Old_home/temp Finished
Sync /mnt/sdc1/temp/david/20020312-david-r486-035025018.tar.gz.crypt to /HD6501/Old_home/temp Finished
Sync /mnt/sdc1/temp/david/20020312-david-r8870-ftc018.list to /HD6501/Old_home/temp Finished
Sync /mnt/sdc1/temp/david/20020312-david-r8870-ftc018.tar.gz.crypt to /HD6501/Old_home/temp Finished
Sync /mnt/sdc1/temp/david/20030320-david-DSP-FTC018.list to /HD6501/Old_home/temp Finished
Sync /mnt/sdc1/temp/david/20030320-david-DSP-FTC018.tar.gz.crypt to /HD6501/Old_home/temp Finished
Sync /mnt/sdc1/temp/david/20030320-david-DSP-TSMC018.list to /HD6501/Old_home/temp Finished
Sync /mnt/sdc1/temp/david/20030320-david-DSP-TSMC018.tar.gz.crypt to /HD6501/Old_home/temp Finished
Sync /mnt/sdc1/temp/david/20030421-david-PKS2_adb.list to /HD6501/Old_home/temp Finished
Sync /mnt/sdc1/temp/david/20030421-david-PKS2_adb.tar.gz.crypt to /HD6501/Old_home/temp Finished
Sync /mnt/sdc1/temp/david/20030421-david-PKS_adb.list to /HD6501/Old_home/temp Finished
Sync /mnt/sdc1/temp/david/20030421-david-PKS_adb.tar.gz.crypt to /HD6501/Old_home/temp Finished
Sync /mnt/sdc1/temp/david/20030421-david-PKS_SPC.list to /HD6501/Old_home/temp Finished
Sync /mnt/sdc1/temp/david/20030421-david-PKS_SPC.tar.gz.crypt to /HD6501/Old_home/temp Finished
Sync /mnt/sdc1/temp/david/20030421-david-r486.list to /HD6501/Old_home/temp Finished
Sync /mnt/sdc1/temp/david/20030421-david-r486.tar.gz.crypt to /HD6501/Old_home/temp Finished
Sync /mnt/sdc1/temp/david/20030421-david-SPC.list to /HD6501/Old_home/temp Finished
Sync /mnt/sdc1/temp/david/20030421-david-SPC.tar.gz.crypt to /HD6501/Old_home/temp Finished
Sync /mnt/sdc1/temp/david/20090506-david-R3301_3.list to /HD6501/Old_home/temp Finished
Sync /mnt/sdc1/temp/david/20090506-david-R3301_3.tar.bz2 to /HD6501/Old_home/temp Finished
Sync /mnt/sdc1/temp/david/20090506-david-R3301_3.tar.bz2.crypt to /HD6501/Old_home/temp Finished
Sync /mnt/sdc1/temp/david/20090902-david-F90-1.list to /HD6501/Old_home/temp Finished
Sync /mnt/sdc1/temp/david/20090902-david-F90-1.tar.bz2.crypt to /HD6501/Old_home/temp Finished
Sync /mnt/sdc1/temp/david/20090902-david-F90-2.list to /HD6501/Old_home/temp Finished
Sync /mnt/sdc1/temp/david/20090902-david-F90-2.tar.bz2.crypt to /HD6501/Old_home/temp Finished
Sync /mnt/sdc1/temp/david/20090902-david-F90-3.list to /HD6501/Old_home/temp Finished
Sync /mnt/sdc1/temp/david/20090902-david-F90-3.tar.bz2.crypt to /HD6501/Old_home/temp Finished
Sync /mnt/sdc1/temp/david/20090902-david-F90-4.list to /HD6501/Old_home/temp Finished
Sync /mnt/sdc1/temp/david/20090902-david-F90-4.tar.bz2.crypt to /HD6501/Old_home/temp Finished
Sync /mnt/sdc1/temp/david/20090902-david-F90-5.list to /HD6501/Old_home/temp Finished
Sync /mnt/sdc1/temp/david/20090902-david-F90-5.tar.bz2.crypt to /HD6501/Old_home/temp Finished
Sync /mnt/sdc1/temp/david/20090902-david-UMCL90G-1.list to /HD6501/Old_home/temp Finished
Sync /mnt/sdc1/temp/david/20090902-david-UMCL90G-1.tar.bz2.crypt to /HD6501/Old_home/temp Finished
Sync /mnt/sdc1/temp/david/20090902-david-UMCL90G-2.list to /HD6501/Old_home/temp Finished
Sync /mnt/sdc1/temp/david/20090902-david-UMCL90G-2.tar.bz2.crypt to /HD6501/Old_home/temp Finished
Sync /mnt/sdc1/temp/david/20090902-david-UMCL90G-3.list to /HD6501/Old_home/temp Finished
Sync /mnt/sdc1/temp/david/20090902-david-UMCL90G-3.tar.bz2.crypt to /HD6501/Old_home/temp Finished
Sync /mnt/sdc1/temp/david/20090902-david-UMCL90G-4.list to /HD6501/Old_home/temp Finished
Sync /mnt/sdc1/temp/david/20090902-david-UMCL90G-4.tar.bz2.crypt to /HD6501/Old_home/temp Finished
Sync /mnt/sdc1/temp/david/20090902-david-UMCL90G-5.list to /HD6501/Old_home/temp Finished
Sync /mnt/sdc1/temp/david/20090902-david-UMCL90G-5.tar.bz2.crypt to /HD6501/Old_home/temp Finished
Sync /mnt/sdc1/temp/david/20090902-david-UMCL90G-6.list to /HD6501/Old_home/temp Finished
Sync /mnt/sdc1/temp/david/20090902-david-UMCL90G-6.tar.bz2.crypt to /HD6501/Old_home/temp Finished
Sync /mnt/sdc1/temp/david/R3301 to /HD6501/Old_home/temp Finished
Sync /mnt/sdc1/temp/david/R3303 to /HD6501/Old_home/temp Finished
Sync /mnt/sdc1/temp/david/R3303 to /HD6501/Old_home && chown -R A9812-07:rdc-srd /HD6501/Old_home/temp Finished
Sync /mnt/sdc1/temp/david/19991231-david.list to /HD6501/Old_home/temp Finished
Sync /mnt/sdc1/temp/david/19991231-david-synopsys.list to /HD6501/Old_home/temp Finished
Sync /mnt/sdc1/temp/david/19991231-david-synopsys.tar.gz.crypt to /HD6501/Old_home/temp Finished
Sync /mnt/sdc1/temp/david/19991231-david.tar.gz.crypt to /HD6501/Old_home/temp Finished
Sync /mnt/sdc1/temp/david/20000503-david-tapeout-1.list to /HD6501/Old_home/temp Finished
Sync /mnt/sdc1/temp/david/20000503-david-tapeout-1.tar.gz.crypt to /HD6501/Old_home/temp Finished
Sync /mnt/sdc1/temp/david/20000921-david.list to /HD6501/Old_home/temp Finished
Sync /mnt/sdc1/temp/david/20000921-david.tar.gz.crypt to /HD6501/Old_home/temp Finished
Sync /mnt/sdc1/temp/david/20001031-david.list to /HD6501/Old_home/temp Finished
Sync /mnt/sdc1/temp/david/20001031-david.tar.gz.crypt to /HD6501/Old_home/temp Finished
Sync /mnt/sdc1/temp/david/20010207-david-05um.tapeout.list to /HD6501/Old_home/temp Finished
Sync /mnt/sdc1/temp/david/20010207-david-05um.tapeout.tar.gz.crypt to /HD6501/Old_home/temp Finished
Sync /mnt/sdc1/temp/david/20010531-david486.gz to /HD6501/Old_home/temp Finished
Sync /mnt/sdc1/temp/david/20010531-david486.gz.list to /HD6501/Old_home/temp Finished
Sync /mnt/sdc1/temp/david/20010531-david-scanchain.list to /HD6501/Old_home/temp Finished
Sync /mnt/sdc1/temp/david/20010531-david-scanchain.tar.gz.crypt to /HD6501/Old_home/temp Finished
Sync /mnt/sdc1/temp/david/20010531-david-u18.list to /HD6501/Old_home/temp Finished
Sync /mnt/sdc1/temp/david/20010531-david-u18.tar.gz.crypt to /HD6501/Old_home/temp Finished
Sync /mnt/sdc1/temp/david/20010601-david018.gz to /HD6501/Old_home/temp Finished
Sync /mnt/sdc1/temp/david/20010601-david018.gz.list to /HD6501/Old_home/temp Finished
Sync /mnt/sdc1/temp/david/20020312-david-r486-035025018.list to /HD6501/Old_home/temp Finished
Sync /mnt/sdc1/temp/david/20020312-david-r486-035025018.tar.gz.crypt to /HD6501/Old_home/temp Finished
Sync /mnt/sdc1/temp/david/20020312-david-r8870-ftc018.list to /HD6501/Old_home/temp Finished
Sync /mnt/sdc1/temp/david/20020312-david-r8870-ftc018.tar.gz.crypt to /HD6501/Old_home/temp Finished
Sync /mnt/sdc1/temp/david/20030320-david-DSP-FTC018.list to /HD6501/Old_home/temp Finished
Sync /mnt/sdc1/temp/david/20030320-david-DSP-FTC018.tar.gz.crypt to /HD6501/Old_home/temp Finished
Sync /mnt/sdc1/temp/david/20030320-david-DSP-TSMC018.list to /HD6501/Old_home/temp Finished
Sync /mnt/sdc1/temp/david/20030320-david-DSP-TSMC018.tar.gz.crypt to /HD6501/Old_home/temp Finished
Sync /mnt/sdc1/temp/david/20030421-david-PKS2_adb.list to /HD6501/Old_home/temp Finished
Sync /mnt/sdc1/temp/david/20030421-david-PKS2_adb.tar.gz.crypt to /HD6501/Old_home/temp Finished
Sync /mnt/sdc1/temp/david/20030421-david-PKS_adb.list to /HD6501/Old_home/temp Finished
Sync /mnt/sdc1/temp/david/20030421-david-PKS_adb.tar.gz.crypt to /HD6501/Old_home/temp Finished
Sync /mnt/sdc1/temp/david/20030421-david-PKS_SPC.list to /HD6501/Old_home/temp Finished
Sync /mnt/sdc1/temp/david/20030421-david-PKS_SPC.tar.gz.crypt to /HD6501/Old_home/temp Finished
Sync /mnt/sdc1/temp/david/20030421-david-r486.list to /HD6501/Old_home/temp Finished
Sync /mnt/sdc1/temp/david/20030421-david-r486.tar.gz.crypt to /HD6501/Old_home/temp Finished
Sync /mnt/sdc1/temp/david/20030421-david-SPC.list to /HD6501/Old_home/temp Finished
Sync /mnt/sdc1/temp/david/20030421-david-SPC.tar.gz.crypt to /HD6501/Old_home/temp Finished
Sync /mnt/sdc1/temp/david/20090506-david-R3301_3.list to /HD6501/Old_home/temp Finished
Sync /mnt/sdc1/temp/david/20090506-david-R3301_3.tar.bz2 to /HD6501/Old_home/temp Finished
Sync /mnt/sdc1/temp/david/20090506-david-R3301_3.tar.bz2.crypt to /HD6501/Old_home/temp Finished
Sync /mnt/sdc1/temp/david/20090902-david-F90-1.list to /HD6501/Old_home/temp Finished
Sync /mnt/sdc1/temp/david/20090902-david-F90-1.tar.bz2.crypt to /HD6501/Old_home/temp Finished
Sync /mnt/sdc1/temp/david/20090902-david-F90-2.list to /HD6501/Old_home/temp Finished
Sync /mnt/sdc1/temp/david/20090902-david-F90-2.tar.bz2.crypt to /HD6501/Old_home/temp Finished
Sync /mnt/sdc1/temp/david/20090902-david-F90-3.list to /HD6501/Old_home/temp Finished
Sync /mnt/sdc1/temp/david/20090902-david-F90-3.tar.bz2.crypt to /HD6501/Old_home/temp Finished
Sync /mnt/sdc1/temp/david/20090902-david-F90-4.list to /HD6501/Old_home/temp Finished
Sync /mnt/sdc1/temp/david/20090902-david-F90-4.tar.bz2.crypt to /HD6501/Old_home/temp Finished
Sync /mnt/sdc1/temp/david/20090902-david-F90-5.list to /HD6501/Old_home/temp Finished
Sync /mnt/sdc1/temp/david/20090902-david-F90-5.tar.bz2.crypt to /HD6501/Old_home/temp Finished
Sync /mnt/sdc1/temp/david/20090902-david-UMCL90G-1.list to /HD6501/Old_home/temp Finished
Sync /mnt/sdc1/temp/david/20090902-david-UMCL90G-1.tar.bz2.crypt to /HD6501/Old_home/temp Finished
Sync /mnt/sdc1/temp/david/20090902-david-UMCL90G-2.list to /HD6501/Old_home/temp Finished
Sync /mnt/sdc1/temp/david/20090902-david-UMCL90G-2.tar.bz2.crypt to /HD6501/Old_home/temp Finished
Sync /mnt/sdc1/temp/david/20090902-david-UMCL90G-3.list to /HD6501/Old_home/temp Finished
Sync /mnt/sdc1/temp/david/20090902-david-UMCL90G-3.tar.bz2.crypt to /HD6501/Old_home/temp Finished
Sync /mnt/sdc1/temp/david/20090902-david-UMCL90G-4.list to /HD6501/Old_home/temp Finished
Sync /mnt/sdc1/temp/david/20090902-david-UMCL90G-4.tar.bz2.crypt to /HD6501/Old_home/temp Finished
Sync /mnt/sdc1/temp/david/20090902-david-UMCL90G-5.list to /HD6501/Old_home/temp Finished
Sync /mnt/sdc1/temp/david/20090902-david-UMCL90G-5.tar.bz2.crypt to /HD6501/Old_home/temp Finished
Sync /mnt/sdc1/temp/david/20090902-david-UMCL90G-6.list to /HD6501/Old_home/temp Finished
Sync /mnt/sdc1/temp/david/20090902-david-UMCL90G-6.tar.bz2.crypt to /HD6501/Old_home/temp Finished
Sync /mnt/sdc1/temp/david/R3301 to /HD6501/Old_home/temp Finished
Sync /mnt/sdc1/temp/david/R3303 to /HD6501/Old_home/temp Finished
Sync /mnt/sdc1/temp/david/R3303 to /HD6501/Old_home && chown -R A9812-07:rdc-srd /HD6501/Old_home/temp Finished
Sync /mnt/sdc1/temp/david/19991231-david.list to /HD6501/Old_home/temp Finished
Sync /mnt/sdc1/temp/david/19991231-david-synopsys.list to /HD6501/Old_home/temp Finished
Sync /mnt/sdc1/temp/david/19991231-david-synopsys.tar.gz.crypt to /HD6501/Old_home/temp Finished
Sync /mnt/sdc1/temp/david/19991231-david.tar.gz.crypt to /HD6501/Old_home/temp Finished
Sync /mnt/sdc1/temp/david/20000503-david-tapeout-1.list to /HD6501/Old_home/temp Finished
Sync /mnt/sdc1/temp/david/20000503-david-tapeout-1.tar.gz.crypt to /HD6501/Old_home/temp Finished
Sync /mnt/sdc1/temp/david/20000921-david.list to /HD6501/Old_home/temp Finished
Sync /mnt/sdc1/temp/david/20000921-david.tar.gz.crypt to /HD6501/Old_home/temp Finished
Sync /mnt/sdc1/temp/david/20001031-david.list to /HD6501/Old_home/temp Finished
Sync /mnt/sdc1/temp/david/20001031-david.tar.gz.crypt to /HD6501/Old_home/temp Finished
Sync /mnt/sdc1/temp/david/20010207-david-05um.tapeout.list to /HD6501/Old_home/temp Finished
Sync /mnt/sdc1/temp/david/20010207-david-05um.tapeout.tar.gz.crypt to /HD6501/Old_home/temp Finished
Sync /mnt/sdc1/temp/david/20010531-david486.gz to /HD6501/Old_home/temp Finished
Sync /mnt/sdc1/temp/david/20010531-david486.gz.list to /HD6501/Old_home/temp Finished
Sync /mnt/sdc1/temp/david/20010531-david-scanchain.list to /HD6501/Old_home/temp Finished
Sync /mnt/sdc1/temp/david/20010531-david-scanchain.tar.gz.crypt to /HD6501/Old_home/temp Finished
Sync /mnt/sdc1/temp/david/20010531-david-u18.list to /HD6501/Old_home/temp Finished
Sync /mnt/sdc1/temp/david/20010531-david-u18.tar.gz.crypt to /HD6501/Old_home/temp Finished
Sync /mnt/sdc1/temp/david/20010601-david018.gz to /HD6501/Old_home/temp Finished
Sync /mnt/sdc1/temp/david/20010601-david018.gz.list to /HD6501/Old_home/temp Finished
Sync /mnt/sdc1/temp/david/20020312-david-r486-035025018.list to /HD6501/Old_home/temp Finished
Sync /mnt/sdc1/temp/david/20020312-david-r486-035025018.tar.gz.crypt to /HD6501/Old_home/temp Finished
Sync /mnt/sdc1/temp/david/20020312-david-r8870-ftc018.list to /HD6501/Old_home/temp Finished
Sync /mnt/sdc1/temp/david/20020312-david-r8870-ftc018.tar.gz.crypt to /HD6501/Old_home/temp Finished
Sync /mnt/sdc1/temp/david/20030320-david-DSP-FTC018.list to /HD6501/Old_home/temp Finished
Sync /mnt/sdc1/temp/david/20030320-david-DSP-FTC018.tar.gz.crypt to /HD6501/Old_home/temp Finished
Sync /mnt/sdc1/temp/david/20030320-david-DSP-TSMC018.list to /HD6501/Old_home/temp Finished
Sync /mnt/sdc1/temp/david/20030320-david-DSP-TSMC018.tar.gz.crypt to /HD6501/Old_home/temp Finished
Sync /mnt/sdc1/temp/david/20030421-david-PKS2_adb.list to /HD6501/Old_home/temp Finished
Sync /mnt/sdc1/temp/david/20030421-david-PKS2_adb.tar.gz.crypt to /HD6501/Old_home/temp Finished
Sync /mnt/sdc1/temp/david/20030421-david-PKS_adb.list to /HD6501/Old_home/temp Finished
Sync /mnt/sdc1/temp/david/20030421-david-PKS_adb.tar.gz.crypt to /HD6501/Old_home/temp Finished
Sync /mnt/sdc1/temp/david/20030421-david-PKS_SPC.list to /HD6501/Old_home/temp Finished
Sync /mnt/sdc1/temp/david/20030421-david-PKS_SPC.tar.gz.crypt to /HD6501/Old_home/temp Finished
Sync /mnt/sdc1/temp/david/20030421-david-r486.list to /HD6501/Old_home/temp Finished
Sync /mnt/sdc1/temp/david/20030421-david-r486.tar.gz.crypt to /HD6501/Old_home/temp Finished
Sync /mnt/sdc1/temp/david/20030421-david-SPC.list to /HD6501/Old_home/temp Finished
Sync /mnt/sdc1/temp/david/20030421-david-SPC.tar.gz.crypt to /HD6501/Old_home/temp Finished
Sync /mnt/sdc1/temp/david/20090506-david-R3301_3.list to /HD6501/Old_home/temp Finished
Sync /mnt/sdc1/temp/david/20090506-david-R3301_3.tar.bz2 to /HD6501/Old_home/temp Finished
Sync /mnt/sdc1/temp/david/20090506-david-R3301_3.tar.bz2.crypt to /HD6501/Old_home/temp Finished
Sync /mnt/sdc1/temp/david/20090902-david-F90-1.list to /HD6501/Old_home/temp Finished
Sync /mnt/sdc1/temp/david/20090902-david-F90-1.tar.bz2.crypt to /HD6501/Old_home/temp Finished
Sync /mnt/sdc1/temp/david/20090902-david-F90-2.list to /HD6501/Old_home/temp Finished
Sync /mnt/sdc1/temp/david/20090902-david-F90-2.tar.bz2.crypt to /HD6501/Old_home/temp Finished
Sync /mnt/sdc1/temp/david/20090902-david-F90-3.list to /HD6501/Old_home/temp Finished
Sync /mnt/sdc1/temp/david/20090902-david-F90-3.tar.bz2.crypt to /HD6501/Old_home/temp Finished
Sync /mnt/sdc1/temp/david/20090902-david-F90-4.list to /HD6501/Old_home/temp Finished
Sync /mnt/sdc1/temp/david/20090902-david-F90-4.tar.bz2.crypt to /HD6501/Old_home/temp Finished
Sync /mnt/sdc1/temp/david/20090902-david-F90-5.list to /HD6501/Old_home/temp Finished
Sync /mnt/sdc1/temp/david/20090902-david-F90-5.tar.bz2.crypt to /HD6501/Old_home/temp Finished
Sync /mnt/sdc1/temp/david/20090902-david-UMCL90G-1.list to /HD6501/Old_home/temp Finished
Sync /mnt/sdc1/temp/david/20090902-david-UMCL90G-1.tar.bz2.crypt to /HD6501/Old_home/temp Finished
Sync /mnt/sdc1/temp/david/20090902-david-UMCL90G-2.list to /HD6501/Old_home/temp Finished
Sync /mnt/sdc1/temp/david/20090902-david-UMCL90G-2.tar.bz2.crypt to /HD6501/Old_home/temp Finished
Sync /mnt/sdc1/temp/david/20090902-david-UMCL90G-3.list to /HD6501/Old_home/temp Finished
Sync /mnt/sdc1/temp/david/20090902-david-UMCL90G-3.tar.bz2.crypt to /HD6501/Old_home/temp Finished
Sync /mnt/sdc1/temp/david/20090902-david-UMCL90G-4.list to /HD6501/Old_home/temp Finished
Sync /mnt/sdc1/temp/david/20090902-david-UMCL90G-4.tar.bz2.crypt to /HD6501/Old_home/temp Finished
Sync /mnt/sdc1/temp/david/20090902-david-UMCL90G-5.list to /HD6501/Old_home/temp Finished
Sync /mnt/sdc1/temp/david/20090902-david-UMCL90G-5.tar.bz2.crypt to /HD6501/Old_home/temp Finished
Sync /mnt/sdc1/temp/david/20090902-david-UMCL90G-6.list to /HD6501/Old_home/temp Finished
Sync /mnt/sdc1/temp/david/20090902-david-UMCL90G-6.tar.bz2.crypt to /HD6501/Old_home/temp Finished
Sync /mnt/sdc1/temp/david/R3301 to /HD6501/Old_home/temp Finished
Sync /mnt/sdc1/temp/david/R3303 to /HD6501/Old_home/temp Finished
Sync /mnt/sdc1/temp/david/R3303 to /HD6501/Old_home && chown -R A9812-07:rdc-srd /HD6501/Old_home/temp Finished
